\BOOKMARK [1][-]{section*.2}{Projektdokumentation}{}% 1
\BOOKMARK [2][-]{section*.3}{Gruppenmitglieder}{section*.2}% 2
\BOOKMARK [1][-]{section*.8}{Einleitung}{}% 3
\BOOKMARK [1][-]{section.1}{Vorbetrachtung}{}% 4
\BOOKMARK [2][-]{subsection.1.1}{Problembeschreibung}{section.1}% 5
\BOOKMARK [2][-]{subsection.1.2}{Entscheidung zur Projektdurchf\374hrung}{section.1}% 6
\BOOKMARK [2][-]{subsection.1.3}{Funktionen}{section.1}% 7
\BOOKMARK [3][-]{subsubsection.1.3.1}{Grundfunktionen der App}{subsection.1.3}% 8
\BOOKMARK [3][-]{subsubsection.1.3.2}{Hauptfunktionen der App}{subsection.1.3}% 9
\BOOKMARK [3][-]{subsubsection.1.3.3}{Zusatzfunktionen der App}{subsection.1.3}% 10
\BOOKMARK [2][-]{subsection.1.4}{Projektorganisation}{section.1}% 11
\BOOKMARK [3][-]{subsubsection.1.4.1}{Kick-Off-Meeting}{subsection.1.4}% 12
\BOOKMARK [3][-]{subsubsection.1.4.2}{Soll-Analyse}{subsection.1.4}% 13
\BOOKMARK [3][-]{subsubsection.1.4.3}{Ist-Analyse}{subsection.1.4}% 14
\BOOKMARK [3][-]{subsubsection.1.4.4}{Anforderungsanalyse}{subsection.1.4}% 15
\BOOKMARK [3][-]{subsubsection.1.4.5}{Arbeitsplanung}{subsection.1.4}% 16
\BOOKMARK [2][-]{subsection.1.5}{Designer}{section.1}% 17
\BOOKMARK [2][-]{subsection.1.6}{Entwickler}{section.1}% 18
\BOOKMARK [2][-]{subsection.1.7}{Dokumentation}{section.1}% 19
\BOOKMARK [3][-]{subsubsection.1.7.1}{Scrum}{subsection.1.7}% 20
\BOOKMARK [2][-]{subsection.1.8}{Sicherheit}{section.1}% 21
\BOOKMARK [1][-]{section.2}{Systemarchitektur/-landschaft}{}% 22
\BOOKMARK [2][-]{subsection.2.1}{Modell, View, Controller}{section.2}% 23
\BOOKMARK [2][-]{subsection.2.2}{MongoDB}{section.2}% 24
\BOOKMARK [3][-]{subsubsection.2.2.1}{OpenShift Server}{subsection.2.2}% 25
\BOOKMARK [3][-]{subsubsection.2.2.2}{Basis Tools}{subsection.2.2}% 26
\BOOKMARK [1][-]{section.3}{Durchf\374hrungsphase}{}% 27
\BOOKMARK [2][-]{subsection.3.1}{Registrierung}{section.3}% 28
\BOOKMARK [3][-]{subsubsection.3.1.1}{Login}{subsection.3.1}% 29
\BOOKMARK [2][-]{subsection.3.2}{Entwickler}{section.3}% 30
\BOOKMARK [2][-]{subsection.3.3}{Einkauf}{section.3}% 31
\BOOKMARK [2][-]{subsection.3.4}{Nutzerverwaltung}{section.3}% 32
\BOOKMARK [2][-]{subsection.3.5}{Auswertung}{section.3}% 33
\BOOKMARK [1][-]{section.4}{Problemzusammenfassung}{}% 34
\BOOKMARK [2][-]{subsection.4.1}{Usability der App}{section.4}% 35
\BOOKMARK [2][-]{subsection.4.2}{Organisation Projektmanagement}{section.4}% 36
\BOOKMARK [1][-]{section.5}{Projektabschluss}{}% 37
\BOOKMARK [2][-]{subsection.5.1}{Fertiges Produkt}{section.5}% 38
\BOOKMARK [2][-]{subsection.5.2}{Aussichten}{section.5}% 39
\BOOKMARK [2][-]{subsection.5.3}{Zusammenfassung}{section.5}% 40
\BOOKMARK [1][-]{section.6}{Lesson learned}{}% 41
\BOOKMARK [1][-]{section*.30}{Quellen}{}% 42
\BOOKMARK [1][-]{section*.31}{Internetquellen}{}% 43
\BOOKMARK [1][-]{section*.32}{Anhang}{}% 44
\BOOKMARK [1][-]{section*.33}{Glossar}{}% 45
