This is pdfTeX, Version 3.1415926-2.5-1.40.14 (TeX Live 2013/Debian) (format=pdflatex 2015.12.4)  23 DEC 2015 10:28
entering extended mode
 restricted \write18 enabled.
 %&-line parsing enabled.
**Doku-SWE.tex
(./Doku-SWE.tex
LaTeX2e <2011/06/27>
Babel <3.9h> and hyphenation patterns for 78 languages loaded.
(/usr/share/texlive/texmf-dist/tex/latex/base/article.cls
Document Class: article 2007/10/19 v1.4h Standard LaTeX document class
(/usr/share/texlive/texmf-dist/tex/latex/base/size12.clo
File: size12.clo 2007/10/19 v1.4h Standard LaTeX file (size option)
)
\c@part=\count79
\c@section=\count80
\c@subsection=\count81
\c@subsubsection=\count82
\c@paragraph=\count83
\c@subparagraph=\count84
\c@figure=\count85
\c@table=\count86
\abovecaptionskip=\skip41
\belowcaptionskip=\skip42
\bibindent=\dimen102
)
(/usr/share/texlive/texmf-dist/tex/latex/base/inputenc.sty
Package: inputenc 2008/03/30 v1.1d Input encoding file
\inpenc@prehook=\toks14
\inpenc@posthook=\toks15

(/usr/share/texlive/texmf-dist/tex/latex/base/utf8.def
File: utf8.def 2008/04/05 v1.1m UTF-8 support for inputenc
Now handling font encoding OML ...
... no UTF-8 mapping file for font encoding OML
Now handling font encoding T1 ...
... processing UTF-8 mapping file for font encoding T1

(/usr/share/texlive/texmf-dist/tex/latex/base/t1enc.dfu
File: t1enc.dfu 2008/04/05 v1.1m UTF-8 support for inputenc
   defining Unicode char U+00A1 (decimal 161)
   defining Unicode char U+00A3 (decimal 163)
   defining Unicode char U+00AB (decimal 171)
   defining Unicode char U+00BB (decimal 187)
   defining Unicode char U+00BF (decimal 191)
   defining Unicode char U+00C0 (decimal 192)
   defining Unicode char U+00C1 (decimal 193)
   defining Unicode char U+00C2 (decimal 194)
   defining Unicode char U+00C3 (decimal 195)
   defining Unicode char U+00C4 (decimal 196)
   defining Unicode char U+00C5 (decimal 197)
   defining Unicode char U+00C6 (decimal 198)
   defining Unicode char U+00C7 (decimal 199)
   defining Unicode char U+00C8 (decimal 200)
   defining Unicode char U+00C9 (decimal 201)
   defining Unicode char U+00CA (decimal 202)
   defining Unicode char U+00CB (decimal 203)
   defining Unicode char U+00CC (decimal 204)
   defining Unicode char U+00CD (decimal 205)
   defining Unicode char U+00CE (decimal 206)
   defining Unicode char U+00CF (decimal 207)
   defining Unicode char U+00D0 (decimal 208)
   defining Unicode char U+00D1 (decimal 209)
   defining Unicode char U+00D2 (decimal 210)
   defining Unicode char U+00D3 (decimal 211)
   defining Unicode char U+00D4 (decimal 212)
   defining Unicode char U+00D5 (decimal 213)
   defining Unicode char U+00D6 (decimal 214)
   defining Unicode char U+00D8 (decimal 216)
   defining Unicode char U+00D9 (decimal 217)
   defining Unicode char U+00DA (decimal 218)
   defining Unicode char U+00DB (decimal 219)
   defining Unicode char U+00DC (decimal 220)
   defining Unicode char U+00DD (decimal 221)
   defining Unicode char U+00DE (decimal 222)
   defining Unicode char U+00DF (decimal 223)
   defining Unicode char U+00E0 (decimal 224)
   defining Unicode char U+00E1 (decimal 225)
   defining Unicode char U+00E2 (decimal 226)
   defining Unicode char U+00E3 (decimal 227)
   defining Unicode char U+00E4 (decimal 228)
   defining Unicode char U+00E5 (decimal 229)
   defining Unicode char U+00E6 (decimal 230)
   defining Unicode char U+00E7 (decimal 231)
   defining Unicode char U+00E8 (decimal 232)
   defining Unicode char U+00E9 (decimal 233)
   defining Unicode char U+00EA (decimal 234)
   defining Unicode char U+00EB (decimal 235)
   defining Unicode char U+00EC (decimal 236)
   defining Unicode char U+00ED (decimal 237)
   defining Unicode char U+00EE (decimal 238)
   defining Unicode char U+00EF (decimal 239)
   defining Unicode char U+00F0 (decimal 240)
   defining Unicode char U+00F1 (decimal 241)
   defining Unicode char U+00F2 (decimal 242)
   defining Unicode char U+00F3 (decimal 243)
   defining Unicode char U+00F4 (decimal 244)
   defining Unicode char U+00F5 (decimal 245)
   defining Unicode char U+00F6 (decimal 246)
   defining Unicode char U+00F8 (decimal 248)
   defining Unicode char U+00F9 (decimal 249)
   defining Unicode char U+00FA (decimal 250)
   defining Unicode char U+00FB (decimal 251)
   defining Unicode char U+00FC (decimal 252)
   defining Unicode char U+00FD (decimal 253)
   defining Unicode char U+00FE (decimal 254)
   defining Unicode char U+00FF (decimal 255)
   defining Unicode char U+0102 (decimal 258)
   defining Unicode char U+0103 (decimal 259)
   defining Unicode char U+0104 (decimal 260)
   defining Unicode char U+0105 (decimal 261)
   defining Unicode char U+0106 (decimal 262)
   defining Unicode char U+0107 (decimal 263)
   defining Unicode char U+010C (decimal 268)
   defining Unicode char U+010D (decimal 269)
   defining Unicode char U+010E (decimal 270)
   defining Unicode char U+010F (decimal 271)
   defining Unicode char U+0110 (decimal 272)
   defining Unicode char U+0111 (decimal 273)
   defining Unicode char U+0118 (decimal 280)
   defining Unicode char U+0119 (decimal 281)
   defining Unicode char U+011A (decimal 282)
   defining Unicode char U+011B (decimal 283)
   defining Unicode char U+011E (decimal 286)
   defining Unicode char U+011F (decimal 287)
   defining Unicode char U+0130 (decimal 304)
   defining Unicode char U+0131 (decimal 305)
   defining Unicode char U+0132 (decimal 306)
   defining Unicode char U+0133 (decimal 307)
   defining Unicode char U+0139 (decimal 313)
   defining Unicode char U+013A (decimal 314)
   defining Unicode char U+013D (decimal 317)
   defining Unicode char U+013E (decimal 318)
   defining Unicode char U+0141 (decimal 321)
   defining Unicode char U+0142 (decimal 322)
   defining Unicode char U+0143 (decimal 323)
   defining Unicode char U+0144 (decimal 324)
   defining Unicode char U+0147 (decimal 327)
   defining Unicode char U+0148 (decimal 328)
   defining Unicode char U+014A (decimal 330)
   defining Unicode char U+014B (decimal 331)
   defining Unicode char U+0150 (decimal 336)
   defining Unicode char U+0151 (decimal 337)
   defining Unicode char U+0152 (decimal 338)
   defining Unicode char U+0153 (decimal 339)
   defining Unicode char U+0154 (decimal 340)
   defining Unicode char U+0155 (decimal 341)
   defining Unicode char U+0158 (decimal 344)
   defining Unicode char U+0159 (decimal 345)
   defining Unicode char U+015A (decimal 346)
   defining Unicode char U+015B (decimal 347)
   defining Unicode char U+015E (decimal 350)
   defining Unicode char U+015F (decimal 351)
   defining Unicode char U+0160 (decimal 352)
   defining Unicode char U+0161 (decimal 353)
   defining Unicode char U+0162 (decimal 354)
   defining Unicode char U+0163 (decimal 355)
   defining Unicode char U+0164 (decimal 356)
   defining Unicode char U+0165 (decimal 357)
   defining Unicode char U+016E (decimal 366)
   defining Unicode char U+016F (decimal 367)
   defining Unicode char U+0170 (decimal 368)
   defining Unicode char U+0171 (decimal 369)
   defining Unicode char U+0178 (decimal 376)
   defining Unicode char U+0179 (decimal 377)
   defining Unicode char U+017A (decimal 378)
   defining Unicode char U+017B (decimal 379)
   defining Unicode char U+017C (decimal 380)
   defining Unicode char U+017D (decimal 381)
   defining Unicode char U+017E (decimal 382)
   defining Unicode char U+200C (decimal 8204)
   defining Unicode char U+2013 (decimal 8211)
   defining Unicode char U+2014 (decimal 8212)
   defining Unicode char U+2018 (decimal 8216)
   defining Unicode char U+2019 (decimal 8217)
   defining Unicode char U+201A (decimal 8218)
   defining Unicode char U+201C (decimal 8220)
   defining Unicode char U+201D (decimal 8221)
   defining Unicode char U+201E (decimal 8222)
   defining Unicode char U+2030 (decimal 8240)
   defining Unicode char U+2031 (decimal 8241)
   defining Unicode char U+2039 (decimal 8249)
   defining Unicode char U+203A (decimal 8250)
   defining Unicode char U+2423 (decimal 9251)
)
Now handling font encoding OT1 ...
... processing UTF-8 mapping file for font encoding OT1

(/usr/share/texlive/texmf-dist/tex/latex/base/ot1enc.dfu
File: ot1enc.dfu 2008/04/05 v1.1m UTF-8 support for inputenc
   defining Unicode char U+00A1 (decimal 161)
   defining Unicode char U+00A3 (decimal 163)
   defining Unicode char U+00B8 (decimal 184)
   defining Unicode char U+00BF (decimal 191)
   defining Unicode char U+00C5 (decimal 197)
   defining Unicode char U+00C6 (decimal 198)
   defining Unicode char U+00D8 (decimal 216)
   defining Unicode char U+00DF (decimal 223)
   defining Unicode char U+00E6 (decimal 230)
   defining Unicode char U+00EC (decimal 236)
   defining Unicode char U+00ED (decimal 237)
   defining Unicode char U+00EE (decimal 238)
   defining Unicode char U+00EF (decimal 239)
   defining Unicode char U+00F8 (decimal 248)
   defining Unicode char U+0131 (decimal 305)
   defining Unicode char U+0141 (decimal 321)
   defining Unicode char U+0142 (decimal 322)
   defining Unicode char U+0152 (decimal 338)
   defining Unicode char U+0153 (decimal 339)
   defining Unicode char U+2013 (decimal 8211)
   defining Unicode char U+2014 (decimal 8212)
   defining Unicode char U+2018 (decimal 8216)
   defining Unicode char U+2019 (decimal 8217)
   defining Unicode char U+201C (decimal 8220)
   defining Unicode char U+201D (decimal 8221)
)
Now handling font encoding OMS ...
... processing UTF-8 mapping file for font encoding OMS

(/usr/share/texlive/texmf-dist/tex/latex/base/omsenc.dfu
File: omsenc.dfu 2008/04/05 v1.1m UTF-8 support for inputenc
   defining Unicode char U+00A7 (decimal 167)
   defining Unicode char U+00B6 (decimal 182)
   defining Unicode char U+00B7 (decimal 183)
   defining Unicode char U+2020 (decimal 8224)
   defining Unicode char U+2021 (decimal 8225)
   defining Unicode char U+2022 (decimal 8226)
)
Now handling font encoding OMX ...
... no UTF-8 mapping file for font encoding OMX
Now handling font encoding U ...
... no UTF-8 mapping file for font encoding U
   defining Unicode char U+00A9 (decimal 169)
   defining Unicode char U+00AA (decimal 170)
   defining Unicode char U+00AE (decimal 174)
   defining Unicode char U+00BA (decimal 186)
   defining Unicode char U+02C6 (decimal 710)
   defining Unicode char U+02DC (decimal 732)
   defining Unicode char U+200C (decimal 8204)
   defining Unicode char U+2026 (decimal 8230)
   defining Unicode char U+2122 (decimal 8482)
   defining Unicode char U+2423 (decimal 9251)
))
(/usr/share/texlive/texmf-dist/tex/latex/amsmath/amsmath.sty
Package: amsmath 2013/01/14 v2.14 AMS math features
\@mathmargin=\skip43

For additional information on amsmath, use the `?' option.
(/usr/share/texlive/texmf-dist/tex/latex/amsmath/amstext.sty
Package: amstext 2000/06/29 v2.01

(/usr/share/texlive/texmf-dist/tex/latex/amsmath/amsgen.sty
File: amsgen.sty 1999/11/30 v2.0
\@emptytoks=\toks16
\ex@=\dimen103
))
(/usr/share/texlive/texmf-dist/tex/latex/amsmath/amsbsy.sty
Package: amsbsy 1999/11/29 v1.2d
\pmbraise@=\dimen104
)
(/usr/share/texlive/texmf-dist/tex/latex/amsmath/amsopn.sty
Package: amsopn 1999/12/14 v2.01 operator names
)
\inf@bad=\count87
LaTeX Info: Redefining \frac on input line 210.
\uproot@=\count88
\leftroot@=\count89
LaTeX Info: Redefining \overline on input line 306.
\classnum@=\count90
\DOTSCASE@=\count91
LaTeX Info: Redefining \ldots on input line 378.
LaTeX Info: Redefining \dots on input line 381.
LaTeX Info: Redefining \cdots on input line 466.
\Mathstrutbox@=\box26
\strutbox@=\box27
\big@size=\dimen105
LaTeX Font Info:    Redeclaring font encoding OML on input line 566.
LaTeX Font Info:    Redeclaring font encoding OMS on input line 567.
\macc@depth=\count92
\c@MaxMatrixCols=\count93
\dotsspace@=\muskip10
\c@parentequation=\count94
\dspbrk@lvl=\count95
\tag@help=\toks17
\row@=\count96
\column@=\count97
\maxfields@=\count98
\andhelp@=\toks18
\eqnshift@=\dimen106
\alignsep@=\dimen107
\tagshift@=\dimen108
\tagwidth@=\dimen109
\totwidth@=\dimen110
\lineht@=\dimen111
\@envbody=\toks19
\multlinegap=\skip44
\multlinetaggap=\skip45
\mathdisplay@stack=\toks20
LaTeX Info: Redefining \[ on input line 2665.
LaTeX Info: Redefining \] on input line 2666.
)
(/usr/share/texlive/texmf-dist/tex/latex/amsfonts/amsfonts.sty
Package: amsfonts 2013/01/14 v3.01 Basic AMSFonts support
\symAMSa=\mathgroup4
\symAMSb=\mathgroup5
LaTeX Font Info:    Overwriting math alphabet `\mathfrak' in version `bold'
(Font)                  U/euf/m/n --> U/euf/b/n on input line 106.
)
(/usr/share/texlive/texmf-dist/tex/latex/amsfonts/amssymb.sty
Package: amssymb 2013/01/14 v3.01 AMS font symbols
)
(/usr/share/texlive/texmf-dist/tex/generic/babel/babel.sty
Package: babel 2013/12/03 3.9h The Babel package

(/usr/share/texlive/texmf-dist/tex/generic/babel-german/ngermanb.ldf
Language: ngermanb 2013/12/13 v2.7 German support for babel (new orthography)

(/usr/share/texlive/texmf-dist/tex/generic/babel/babel.def
File: babel.def 2013/12/03 3.9h Babel common definitions
\babel@savecnt=\count99
\U@D=\dimen112
)
\l@naustrian = a dialect from \language\l@ngerman 
\l@nswissgerman = a dialect from \language\l@ngerman 
Package babel Info: Making " an active character on input line 88.
))
(/usr/share/texlive/texmf-dist/tex/latex/hyperref/hyperref.sty
Package: hyperref 2012/11/06 v6.83m Hypertext links for LaTeX

(/usr/share/texlive/texmf-dist/tex/generic/oberdiek/hobsub-hyperref.sty
Package: hobsub-hyperref 2012/05/28 v1.13 Bundle oberdiek, subset hyperref (HO)


(/usr/share/texlive/texmf-dist/tex/generic/oberdiek/hobsub-generic.sty
Package: hobsub-generic 2012/05/28 v1.13 Bundle oberdiek, subset generic (HO)
Package: hobsub 2012/05/28 v1.13 Construct package bundles (HO)
Package: infwarerr 2010/04/08 v1.3 Providing info/warning/error messages (HO)
Package: ltxcmds 2011/11/09 v1.22 LaTeX kernel commands for general use (HO)
Package: ifluatex 2010/03/01 v1.3 Provides the ifluatex switch (HO)
Package ifluatex Info: LuaTeX not detected.
Package: ifvtex 2010/03/01 v1.5 Detect VTeX and its facilities (HO)
Package ifvtex Info: VTeX not detected.
Package: intcalc 2007/09/27 v1.1 Expandable calculations with integers (HO)
Package: ifpdf 2011/01/30 v2.3 Provides the ifpdf switch (HO)
Package ifpdf Info: pdfTeX in PDF mode is detected.
Package: etexcmds 2011/02/16 v1.5 Avoid name clashes with e-TeX commands (HO)
Package etexcmds Info: Could not find \expanded.
(etexcmds)             That can mean that you are not using pdfTeX 1.50 or
(etexcmds)             that some package has redefined \expanded.
(etexcmds)             In the latter case, load this package earlier.
Package: kvsetkeys 2012/04/25 v1.16 Key value parser (HO)
Package: kvdefinekeys 2011/04/07 v1.3 Define keys (HO)
Package: pdftexcmds 2011/11/29 v0.20 Utility functions of pdfTeX for LuaTeX (HO
)
Package pdftexcmds Info: LuaTeX not detected.
Package pdftexcmds Info: \pdf@primitive is available.
Package pdftexcmds Info: \pdf@ifprimitive is available.
Package pdftexcmds Info: \pdfdraftmode found.
Package: pdfescape 2011/11/25 v1.13 Implements pdfTeX's escape features (HO)
Package: bigintcalc 2012/04/08 v1.3 Expandable calculations on big integers (HO
)
Package: bitset 2011/01/30 v1.1 Handle bit-vector datatype (HO)
Package: uniquecounter 2011/01/30 v1.2 Provide unlimited unique counter (HO)
)
Package hobsub Info: Skipping package `hobsub' (already loaded).
Package: letltxmacro 2010/09/02 v1.4 Let assignment for LaTeX macros (HO)
Package: hopatch 2012/05/28 v1.2 Wrapper for package hooks (HO)
Package: xcolor-patch 2011/01/30 xcolor patch
Package: atveryend 2011/06/30 v1.8 Hooks at the very end of document (HO)
Package atveryend Info: \enddocument detected (standard20110627).
Package: atbegshi 2011/10/05 v1.16 At begin shipout hook (HO)
Package: refcount 2011/10/16 v3.4 Data extraction from label references (HO)
Package: hycolor 2011/01/30 v1.7 Color options for hyperref/bookmark (HO)
)
(/usr/share/texlive/texmf-dist/tex/latex/graphics/keyval.sty
Package: keyval 1999/03/16 v1.13 key=value parser (DPC)
\KV@toks@=\toks21
)
(/usr/share/texlive/texmf-dist/tex/generic/ifxetex/ifxetex.sty
Package: ifxetex 2010/09/12 v0.6 Provides ifxetex conditional
)
(/usr/share/texlive/texmf-dist/tex/latex/oberdiek/auxhook.sty
Package: auxhook 2011/03/04 v1.3 Hooks for auxiliary files (HO)
)
(/usr/share/texlive/texmf-dist/tex/latex/oberdiek/kvoptions.sty
Package: kvoptions 2011/06/30 v3.11 Key value format for package options (HO)
)
\@linkdim=\dimen113
\Hy@linkcounter=\count100
\Hy@pagecounter=\count101

(/usr/share/texlive/texmf-dist/tex/latex/hyperref/pd1enc.def
File: pd1enc.def 2012/11/06 v6.83m Hyperref: PDFDocEncoding definition (HO)
Now handling font encoding PD1 ...
... no UTF-8 mapping file for font encoding PD1
)
\Hy@SavedSpaceFactor=\count102

(/usr/share/texlive/texmf-dist/tex/latex/latexconfig/hyperref.cfg
File: hyperref.cfg 2002/06/06 v1.2 hyperref configuration of TeXLive
)
Package hyperref Info: Hyper figures OFF on input line 4443.
Package hyperref Info: Link nesting OFF on input line 4448.
Package hyperref Info: Hyper index ON on input line 4451.
Package hyperref Info: Plain pages OFF on input line 4458.
Package hyperref Info: Backreferencing OFF on input line 4463.
Package hyperref Info: Implicit mode ON; LaTeX internals redefined.
Package hyperref Info: Bookmarks ON on input line 4688.
\c@Hy@tempcnt=\count103

(/usr/share/texlive/texmf-dist/tex/latex/url/url.sty
\Urlmuskip=\muskip11
Package: url 2013/09/16  ver 3.4  Verb mode for urls, etc.
)
LaTeX Info: Redefining \url on input line 5041.
\XeTeXLinkMargin=\dimen114
\Fld@menulength=\count104
\Field@Width=\dimen115
\Fld@charsize=\dimen116
Package hyperref Info: Hyper figures OFF on input line 6295.
Package hyperref Info: Link nesting OFF on input line 6300.
Package hyperref Info: Hyper index ON on input line 6303.
Package hyperref Info: backreferencing OFF on input line 6310.
Package hyperref Info: Link coloring OFF on input line 6315.
Package hyperref Info: Link coloring with OCG OFF on input line 6320.
Package hyperref Info: PDF/A mode OFF on input line 6325.
LaTeX Info: Redefining \ref on input line 6365.
LaTeX Info: Redefining \pageref on input line 6369.
\Hy@abspage=\count105
\c@Item=\count106
\c@Hfootnote=\count107
)

Package hyperref Message: Driver (autodetected): hpdftex.

(/usr/share/texlive/texmf-dist/tex/latex/hyperref/hpdftex.def
File: hpdftex.def 2012/11/06 v6.83m Hyperref driver for pdfTeX
\Fld@listcount=\count108
\c@bookmark@seq@number=\count109

(/usr/share/texlive/texmf-dist/tex/latex/oberdiek/rerunfilecheck.sty
Package: rerunfilecheck 2011/04/15 v1.7 Rerun checks for auxiliary files (HO)
Package uniquecounter Info: New unique counter `rerunfilecheck' on input line 2
82.
)
\Hy@SectionHShift=\skip46
)
(/usr/share/texlive/texmf-dist/tex/latex/tools/array.sty
Package: array 2008/09/09 v2.4c Tabular extension package (FMi)
\col@sep=\dimen117
\extrarowheight=\dimen118
\NC@list=\toks22
\extratabsurround=\skip47
\backup@length=\skip48
)
(/usr/share/texlive/texmf-dist/tex/latex/tools/longtable.sty
Package: longtable 2004/02/01 v4.11 Multi-page Table package (DPC)
\LTleft=\skip49
\LTright=\skip50
\LTpre=\skip51
\LTpost=\skip52
\LTchunksize=\count110
\LTcapwidth=\dimen119
\LT@head=\box28
\LT@firsthead=\box29
\LT@foot=\box30
\LT@lastfoot=\box31
\LT@cols=\count111
\LT@rows=\count112
\c@LT@tables=\count113
\c@LT@chunks=\count114
\LT@p@ftn=\toks23
)
(/usr/share/texlive/texmf-dist/tex/latex/graphics/graphicx.sty
Package: graphicx 1999/02/16 v1.0f Enhanced LaTeX Graphics (DPC,SPQR)

(/usr/share/texlive/texmf-dist/tex/latex/graphics/graphics.sty
Package: graphics 2009/02/05 v1.0o Standard LaTeX Graphics (DPC,SPQR)

(/usr/share/texlive/texmf-dist/tex/latex/graphics/trig.sty
Package: trig 1999/03/16 v1.09 sin cos tan (DPC)
)
(/usr/share/texlive/texmf-dist/tex/latex/latexconfig/graphics.cfg
File: graphics.cfg 2010/04/23 v1.9 graphics configuration of TeX Live
)
Package graphics Info: Driver file: pdftex.def on input line 91.

(/usr/share/texlive/texmf-dist/tex/latex/pdftex-def/pdftex.def
File: pdftex.def 2011/05/27 v0.06d Graphics/color for pdfTeX
\Gread@gobject=\count115
))
\Gin@req@height=\dimen120
\Gin@req@width=\dimen121
)
(/usr/share/texlive/texmf-dist/tex/latex/geometry/geometry.sty
Package: geometry 2010/09/12 v5.6 Page Geometry
\Gm@cnth=\count116
\Gm@cntv=\count117
\c@Gm@tempcnt=\count118
\Gm@bindingoffset=\dimen122
\Gm@wd@mp=\dimen123
\Gm@odd@mp=\dimen124
\Gm@even@mp=\dimen125
\Gm@layoutwidth=\dimen126
\Gm@layoutheight=\dimen127
\Gm@layouthoffset=\dimen128
\Gm@layoutvoffset=\dimen129
\Gm@dimlist=\toks24
) (./Doku-SWE.aux)
\openout1 = `Doku-SWE.aux'.

LaTeX Font Info:    Checking defaults for OML/cmm/m/it on input line 18.
LaTeX Font Info:    ... okay on input line 18.
LaTeX Font Info:    Checking defaults for T1/cmr/m/n on input line 18.
LaTeX Font Info:    ... okay on input line 18.
LaTeX Font Info:    Checking defaults for OT1/cmr/m/n on input line 18.
LaTeX Font Info:    ... okay on input line 18.
LaTeX Font Info:    Checking defaults for OMS/cmsy/m/n on input line 18.
LaTeX Font Info:    ... okay on input line 18.
LaTeX Font Info:    Checking defaults for OMX/cmex/m/n on input line 18.
LaTeX Font Info:    ... okay on input line 18.
LaTeX Font Info:    Checking defaults for U/cmr/m/n on input line 18.
LaTeX Font Info:    ... okay on input line 18.
LaTeX Font Info:    Checking defaults for PD1/pdf/m/n on input line 18.
LaTeX Font Info:    ... okay on input line 18.
\AtBeginShipoutBox=\box32
Package hyperref Info: Link coloring OFF on input line 18.
 (/usr/share/texlive/texmf-dist/tex/latex/hyperref/nameref.sty
Package: nameref 2012/10/27 v2.43 Cross-referencing by name of section

(/usr/share/texlive/texmf-dist/tex/generic/oberdiek/gettitlestring.sty
Package: gettitlestring 2010/12/03 v1.4 Cleanup title references (HO)
)
\c@section@level=\count119
)
LaTeX Info: Redefining \ref on input line 18.
LaTeX Info: Redefining \pageref on input line 18.
LaTeX Info: Redefining \nameref on input line 18.

(./Doku-SWE.out) (./Doku-SWE.out)
\@outlinefile=\write3
\openout3 = `Doku-SWE.out'.


(/usr/share/texlive/texmf-dist/tex/context/base/supp-pdf.mkii
[Loading MPS to PDF converter (version 2006.09.02).]
\scratchcounter=\count120
\scratchdimen=\dimen130
\scratchbox=\box33
\nofMPsegments=\count121
\nofMParguments=\count122
\everyMPshowfont=\toks25
\MPscratchCnt=\count123
\MPscratchDim=\dimen131
\MPnumerator=\count124
\makeMPintoPDFobject=\count125
\everyMPtoPDFconversion=\toks26
) (/usr/share/texlive/texmf-dist/tex/latex/oberdiek/epstopdf-base.sty
Package: epstopdf-base 2010/02/09 v2.5 Base part for package epstopdf

(/usr/share/texlive/texmf-dist/tex/latex/oberdiek/grfext.sty
Package: grfext 2010/08/19 v1.1 Manage graphics extensions (HO)
)
Package grfext Info: Graphics extension search list:
(grfext)             [.png,.pdf,.jpg,.mps,.jpeg,.jbig2,.jb2,.PNG,.PDF,.JPG,.JPE
G,.JBIG2,.JB2,.eps]
(grfext)             \AppendGraphicsExtensions on input line 452.

(/usr/share/texlive/texmf-dist/tex/latex/latexconfig/epstopdf-sys.cfg
File: epstopdf-sys.cfg 2010/07/13 v1.3 Configuration of (r)epstopdf for TeX Liv
e
))
*geometry* driver: auto-detecting
*geometry* detected driver: pdftex
*geometry* verbose mode - [ preamble ] result:
* driver: pdftex
* paper: a4paper
* layout: <same size as paper>
* layoutoffset:(h,v)=(0.0pt,0.0pt)
* modes: 
* h-part:(L,W,R)=(93.89409pt, 441.01773pt, 62.59605pt)
* v-part:(T,H,B)=(71.13188pt, 688.5567pt, 85.35826pt)
* \paperwidth=597.50787pt
* \paperheight=845.04684pt
* \textwidth=441.01773pt
* \textheight=688.5567pt
* \oddsidemargin=21.6241pt
* \evensidemargin=21.6241pt
* \topmargin=-41.59085pt
* \headheight=12.0pt
* \headsep=28.45274pt
* \topskip=12.0pt
* \footskip=34.1433pt
* \marginparwidth=35.0pt
* \marginparsep=10.0pt
* \columnsep=10.0pt
* \skip\footins=10.8pt plus 4.0pt minus 2.0pt
* \hoffset=0.0pt
* \voffset=0.0pt
* \mag=1000
* \@twocolumnfalse
* \@twosidefalse
* \@mparswitchfalse
* \@reversemarginfalse
* (1in=72.27pt=25.4mm, 1cm=28.453pt)

LaTeX Font Info:    Try loading font information for U+msa on input line 24.
(/usr/share/texlive/texmf-dist/tex/latex/amsfonts/umsa.fd
File: umsa.fd 2013/01/14 v3.01 AMS symbols A
)
LaTeX Font Info:    Try loading font information for U+msb on input line 24.

(/usr/share/texlive/texmf-dist/tex/latex/amsfonts/umsb.fd
File: umsb.fd 2013/01/14 v3.01 AMS symbols B
)
Package babel Info: Redefining ngerman shorthand "|
(babel)             in language append on input line 24.
Package babel Info: Redefining ngerman shorthand "~
(babel)             in language append on input line 24.
Package babel Info: Redefining ngerman shorthand "|
(babel)             in language append on input line 24.
Package babel Info: Redefining ngerman shorthand "~
(babel)             in language append on input line 24.
 [1

{/var/lib/texmf/fonts/map/pdftex/updmap/pdftex.map}] (./Doku-SWE.toc)
\tf@toc=\write4
\openout4 = `Doku-SWE.toc'.

Package babel Info: Redefining ngerman shorthand "|
(babel)             in language append on input line 26.
Package babel Info: Redefining ngerman shorthand "~
(babel)             in language append on input line 26.
Package babel Info: Redefining ngerman shorthand "|
(babel)             in language append on input line 26.
Package babel Info: Redefining ngerman shorthand "~
(babel)             in language append on input line 26.
 [2]
Package babel Info: Redefining ngerman shorthand "|
(babel)             in language append on input line 37.
Package babel Info: Redefining ngerman shorthand "~
(babel)             in language append on input line 37.
Package babel Info: Redefining ngerman shorthand "|
(babel)             in language append on input line 37.
Package babel Info: Redefining ngerman shorthand "~
(babel)             in language append on input line 37.
 [3]
Package babel Info: Redefining ngerman shorthand "|
(babel)             in language append on input line 42.
Package babel Info: Redefining ngerman shorthand "~
(babel)             in language append on input line 42.
Package babel Info: Redefining ngerman shorthand "|
(babel)             in language append on input line 42.
Package babel Info: Redefining ngerman shorthand "~
(babel)             in language append on input line 42.
 [4]
Package babel Info: Redefining ngerman shorthand "|
(babel)             in language append on input line 58.
Package babel Info: Redefining ngerman shorthand "~
(babel)             in language append on input line 58.
Package babel Info: Redefining ngerman shorthand "|
(babel)             in language append on input line 58.
Package babel Info: Redefining ngerman shorthand "~
(babel)             in language append on input line 58.
 [5]
Package babel Info: Redefining ngerman shorthand "|
(babel)             in language append on input line 89.
Package babel Info: Redefining ngerman shorthand "~
(babel)             in language append on input line 89.
Package babel Info: Redefining ngerman shorthand "|
(babel)             in language append on input line 89.
Package babel Info: Redefining ngerman shorthand "~
(babel)             in language append on input line 89.
 [6]
Package babel Info: Redefining ngerman shorthand "|
(babel)             in language append on input line 94.
Package babel Info: Redefining ngerman shorthand "~
(babel)             in language append on input line 94.
Package babel Info: Redefining ngerman shorthand "|
(babel)             in language append on input line 108.
Package babel Info: Redefining ngerman shorthand "~
(babel)             in language append on input line 108.
Package babel Info: Redefining ngerman shorthand "|
(babel)             in language append on input line 108.
Package babel Info: Redefining ngerman shorthand "~
(babel)             in language append on input line 108.

[7]
Package babel Info: Redefining ngerman shorthand "|
(babel)             in language append on input line 109.
Package babel Info: Redefining ngerman shorthand "~
(babel)             in language append on input line 109.
Package babel Info: Redefining ngerman shorthand "|
(babel)             in language append on input line 113.
Package babel Info: Redefining ngerman shorthand "~
(babel)             in language append on input line 113.
Package babel Info: Redefining ngerman shorthand "|
(babel)             in language append on input line 123.
Package babel Info: Redefining ngerman shorthand "~
(babel)             in language append on input line 123.
Package babel Info: Redefining ngerman shorthand "|
(babel)             in language append on input line 132.
Package babel Info: Redefining ngerman shorthand "~
(babel)             in language append on input line 132.
Package babel Info: Redefining ngerman shorthand "|
(babel)             in language append on input line 132.
Package babel Info: Redefining ngerman shorthand "~
(babel)             in language append on input line 132.
 [8]
Package babel Info: Redefining ngerman shorthand "|
(babel)             in language append on input line 133.
Package babel Info: Redefining ngerman shorthand "~
(babel)             in language append on input line 133.
LaTeX Font Info:    Try loading font information for OMS+cmr on input line 146.

 (/usr/share/texlive/texmf-dist/tex/latex/base/omscmr.fd
File: omscmr.fd 1999/05/25 v2.5h Standard LaTeX font definitions
)
LaTeX Font Info:    Font shape `OMS/cmr/m/n' in size <12> not available
(Font)              Font shape `OMS/cmsy/m/n' tried instead on input line 146.
Package babel Info: Redefining ngerman shorthand "|
(babel)             in language append on input line 185.
Package babel Info: Redefining ngerman shorthand "~
(babel)             in language append on input line 185.
Package babel Info: Redefining ngerman shorthand "|
(babel)             in language append on input line 185.
Package babel Info: Redefining ngerman shorthand "~
(babel)             in language append on input line 185.
 [9]
Underfull \hbox (badness 10000) in paragraph at lines 208--226

 []


Underfull \hbox (badness 10000) in paragraph at lines 208--226

 []


Underfull \hbox (badness 10000) in paragraph at lines 208--226

 []

Package babel Info: Redefining ngerman shorthand "|
(babel)             in language append on input line 226.
Package babel Info: Redefining ngerman shorthand "~
(babel)             in language append on input line 226.
Package babel Info: Redefining ngerman shorthand "|
(babel)             in language append on input line 226.
Package babel Info: Redefining ngerman shorthand "~
(babel)             in language append on input line 226.
[10]
Package babel Info: Redefining ngerman shorthand "|
(babel)             in language append on input line 226.
Package babel Info: Redefining ngerman shorthand "~
(babel)             in language append on input line 226.
Package babel Info: Redefining ngerman shorthand "|
(babel)             in language append on input line 226.
Package babel Info: Redefining ngerman shorthand "~
(babel)             in language append on input line 226.
 [11]
Package babel Info: Redefining ngerman shorthand "|
(babel)             in language append on input line 227.
Package babel Info: Redefining ngerman shorthand "~
(babel)             in language append on input line 227.
Package babel Info: Redefining ngerman shorthand "|
(babel)             in language append on input line 233.
Package babel Info: Redefining ngerman shorthand "~
(babel)             in language append on input line 233.
Package babel Info: Redefining ngerman shorthand "|
(babel)             in language append on input line 240.
Package babel Info: Redefining ngerman shorthand "~
(babel)             in language append on input line 240.
Package babel Info: Redefining ngerman shorthand "|
(babel)             in language append on input line 240.
Package babel Info: Redefining ngerman shorthand "~
(babel)             in language append on input line 240.
 [12]
Package babel Info: Redefining ngerman shorthand "|
(babel)             in language append on input line 241.
Package babel Info: Redefining ngerman shorthand "~
(babel)             in language append on input line 241.

Underfull \hbox (badness 10000) in paragraph at lines 243--248

 []

<Anforderungskatalog.pdf, id=220, 597.23125pt x 845.1575pt>
File: Anforderungskatalog.pdf Graphic file (type pdf)

<use Anforderungskatalog.pdf>
Package pdftex.def Info: Anforderungskatalog.pdf used on input line 251.
(pdftex.def)             Requested size: 548.86024pt x 418.36517pt.

Overfull \hbox (99.62567pt too wide) in paragraph at lines 251--257
[]|  [] 
 []


Underfull \hbox (badness 10000) in paragraph at lines 251--257

 []


Underfull \hbox (badness 10000) in paragraph at lines 251--257

 []

Package babel Info: Redefining ngerman shorthand "|
(babel)             in language append on input line 258.
Package babel Info: Redefining ngerman shorthand "~
(babel)             in language append on input line 258.
<EER-Modell.PNG, id=221, 861.2175pt x 531.48563pt>
File: EER-Modell.PNG Graphic file (type png)
 <use EER-Modell.PNG>
Package pdftex.def Info: EER-Modell.PNG used on input line 265.
(pdftex.def)             Requested size: 516.73448pt x 318.89383pt.

<Skillliste.png, id=223, 586.44093pt x 890.5772pt>
File: Skillliste.png Graphic file (type png)
 <use Skillliste.png>
Package pdftex.def Info: Skillliste.png used on input line 275.
(pdftex.def)             Requested size: 351.86726pt x 534.35045pt.

Underfull \hbox (badness 10000) in paragraph at lines 262--277

 []


Overfull \hbox (75.71675pt too wide) in paragraph at lines 262--277
[] 
 []


Underfull \hbox (badness 10000) in paragraph at lines 262--277

 []


Overfull \hbox (24.2344pt too wide) in paragraph at lines 262--277
\OT1/cmr/m/n/12 Zu Be-ginn wur-den die je-wei-li-gen Kom-pe-ten-zen der Pro-jek
t-mit-ar-bei-ter vor der Durchf[]uhrung
 []


Underfull \hbox (badness 10000) in paragraph at lines 262--277

 []

Package babel Info: Redefining ngerman shorthand "|
(babel)             in language append on input line 277.
Package babel Info: Redefining ngerman shorthand "~
(babel)             in language append on input line 277.
Package babel Info: Redefining ngerman shorthand "|
(babel)             in language append on input line 277.
Package babel Info: Redefining ngerman shorthand "~
(babel)             in language append on input line 277.
[13 <./Anforderungskatalog.pdf>]
Package babel Info: Redefining ngerman shorthand "|
(babel)             in language append on input line 373.
Package babel Info: Redefining ngerman shorthand "~
(babel)             in language append on input line 373.
Package babel Info: Redefining ngerman shorthand "|
(babel)             in language append on input line 373.
Package babel Info: Redefining ngerman shorthand "~
(babel)             in language append on input line 373.
 [14 <./EER-Modell.PNG>]
Underfull \hbox (badness 10000) in paragraph at lines 373--380

 []


Underfull \hbox (badness 10000) in paragraph at lines 373--380

 []


Underfull \hbox (badness 10000) in paragraph at lines 373--380

 []

Package babel Info: Redefining ngerman shorthand "|
(babel)             in language append on input line 380.
Package babel Info: Redefining ngerman shorthand "~
(babel)             in language append on input line 380.
Package babel Info: Redefining ngerman shorthand "|
(babel)             in language append on input line 380.
Package babel Info: Redefining ngerman shorthand "~
(babel)             in language append on input line 380.
[15 <./Skillliste.png>]
Package babel Info: Redefining ngerman shorthand "|
(babel)             in language append on input line 382.
Package babel Info: Redefining ngerman shorthand "~
(babel)             in language append on input line 382.

<Aktivitaetsliste.png, id=251, 481.04718pt x 419.31656pt>
File: Aktivitaetsliste.png Graphic file (type png)

<use Aktivitaetsliste.png>
Package pdftex.def Info: Aktivitaetsliste.png used on input line 388.
(pdftex.def)             Requested size: 288.63054pt x 251.59186pt.

Underfull \hbox (badness 10000) in paragraph at lines 383--394

 []


Underfull \hbox (badness 10000) in paragraph at lines 383--394

 []


Underfull \hbox (badness 10000) in paragraph at lines 383--394

 []

<Meilensteine.png, id=252, 484.05844pt x 341.77687pt>
File: Meilensteine.png Graphic file (type png)
 <use Meilensteine.png>
Package pdftex.def Info: Meilensteine.png used on input line 395.
(pdftex.def)             Requested size: 290.4373pt x 205.0677pt.
Package babel Info: Redefining ngerman shorthand "|
(babel)             in language append on input line 401.
Package babel Info: Redefining ngerman shorthand "~
(babel)             in language append on input line 401.

Overfull \hbox (27.91615pt too wide) in paragraph at lines 403--407
\OT1/cmr/m/n/12 men-ta-ti-on vor-ge-ge-ben wur-de, ha-ben die ein-zel-nen Grup-
pen, durch agi-le Projektmanagement-
 []

Package babel Info: Redefining ngerman shorthand "|
(babel)             in language append on input line 407.
Package babel Info: Redefining ngerman shorthand "~
(babel)             in language append on input line 407.
Package babel Info: Redefining ngerman shorthand "|
(babel)             in language append on input line 407.
Package babel Info: Redefining ngerman shorthand "~
(babel)             in language append on input line 407.
[16 <./Aktivitaetsliste.png> <./Meilensteine.png>]
Package babel Info: Redefining ngerman shorthand "|
(babel)             in language append on input line 407.
Package babel Info: Redefining ngerman shorthand "~
(babel)             in language append on input line 407.
Package babel Info: Redefining ngerman shorthand "|
(babel)             in language append on input line 407.
Package babel Info: Redefining ngerman shorthand "~
(babel)             in language append on input line 407.
 [17]
Package babel Info: Redefining ngerman shorthand "|
(babel)             in language append on input line 408.
Package babel Info: Redefining ngerman shorthand "~
(babel)             in language append on input line 408.

Underfull \hbox (badness 10000) in paragraph at lines 409--422

 []

Package babel Info: Redefining ngerman shorthand "|
(babel)             in language append on input line 423.
Package babel Info: Redefining ngerman shorthand "~
(babel)             in language append on input line 423.
Package babel Info: Redefining ngerman shorthand "|
(babel)             in language append on input line 423.
Package babel Info: Redefining ngerman shorthand "~
(babel)             in language append on input line 423.
[18]
Package babel Info: Redefining ngerman shorthand "|
(babel)             in language append on input line 424.
Package babel Info: Redefining ngerman shorthand "~
(babel)             in language append on input line 424.
 <Klassen-UML.jpeg, id=266, 1154.06157pt x 840.89156pt>
File: Klassen-UML.jpeg Graphic file (type jpg)

<use Klassen-UML.jpeg>
Package pdftex.def Info: Klassen-UML.jpeg used on input line 435.
(pdftex.def)             Requested size: 461.61644pt x 336.35066pt.

Underfull \hbox (badness 10000) in paragraph at lines 431--439

 []


Overfull \hbox (20.59871pt too wide) in paragraph at lines 431--439
[] 
 []

Package babel Info: Redefining ngerman shorthand "|
(babel)             in language append on input line 440.
Package babel Info: Redefining ngerman shorthand "~
(babel)             in language append on input line 440.
<Login-Registrierung.png, id=267, 722.7pt x 438.8897pt>
File: Login-Registrierung.png Graphic file (type png)

<use Login-Registrierung.png>
Package pdftex.def Info: Login-Registrierung.png used on input line 447.
(pdftex.def)             Requested size: 433.62334pt x 263.33585pt.

Overfull \hbox (11.6056pt too wide) in paragraph at lines 445--453
[] \OT1/cmr/m/n/10 Ab-
 []


Underfull \hbox (badness 10000) in paragraph at lines 445--453

 []

Package babel Info: Redefining ngerman shorthand "|
(babel)             in language append on input line 453.
Package babel Info: Redefining ngerman shorthand "~
(babel)             in language append on input line 453.
Package babel Info: Redefining ngerman shorthand "|
(babel)             in language append on input line 453.
Package babel Info: Redefining ngerman shorthand "~
(babel)             in language append on input line 453.
[19 <./Klassen-UML.jpeg>]
Package babel Info: Redefining ngerman shorthand "|
(babel)             in language append on input line 453.
Package babel Info: Redefining ngerman shorthand "~
(babel)             in language append on input line 453.
Package babel Info: Redefining ngerman shorthand "|
(babel)             in language append on input line 453.
Package babel Info: Redefining ngerman shorthand "~
(babel)             in language append on input line 453.
 [20 <./Login-Registrierung.png>]
Package babel Info: Redefining ngerman shorthand "|
(babel)             in language append on input line 461.
Package babel Info: Redefining ngerman shorthand "~
(babel)             in language append on input line 461.
Package babel Info: Redefining ngerman shorthand "|
(babel)             in language append on input line 461.
Package babel Info: Redefining ngerman shorthand "~
(babel)             in language append on input line 461.
 [21]
Package babel Info: Redefining ngerman shorthand "|
(babel)             in language append on input line 462.
Package babel Info: Redefining ngerman shorthand "~
(babel)             in language append on input line 462.
Package babel Info: Redefining ngerman shorthand "|
(babel)             in language append on input line 469.
Package babel Info: Redefining ngerman shorthand "~
(babel)             in language append on input line 469.
Package babel Info: Redefining ngerman shorthand "|
(babel)             in language append on input line 469.
Package babel Info: Redefining ngerman shorthand "~
(babel)             in language append on input line 469.
 [22]
Package babel Info: Redefining ngerman shorthand "|
(babel)             in language append on input line 470.
Package babel Info: Redefining ngerman shorthand "~
(babel)             in language append on input line 470.

<Markt_Aufnahme.jpeg, id=298, 420.82219pt x 613.54219pt>
File: Markt_Aufnahme.jpeg Graphic file (type jpg)

<use Markt_Aufnahme.jpeg>
Package pdftex.def Info: Markt_Aufnahme.jpeg used on input line 476.
(pdftex.def)             Requested size: 252.49525pt x 368.12816pt.

Underfull \hbox (badness 10000) in paragraph at lines 473--480

 []

Package babel Info: Redefining ngerman shorthand "|
(babel)             in language append on input line 483.
Package babel Info: Redefining ngerman shorthand "~
(babel)             in language append on input line 483.
Package babel Info: Redefining ngerman shorthand "|
(babel)             in language append on input line 483.
Package babel Info: Redefining ngerman shorthand "~
(babel)             in language append on input line 483.
[23 <./Markt_Aufnahme.jpeg>]
Package babel Info: Redefining ngerman shorthand "|
(babel)             in language append on input line 484.
Package babel Info: Redefining ngerman shorthand "~
(babel)             in language append on input line 484.
Package babel Info: Redefining ngerman shorthand "|
(babel)             in language append on input line 485.
Package babel Info: Redefining ngerman shorthand "~
(babel)             in language append on input line 485.

<Aktivitaets-Diagramm.png, id=305, 370.38374pt x 691.83469pt>
File: Aktivitaets-Diagramm.png Graphic file (type png)

<use Aktivitaets-Diagramm.png>
Package pdftex.def Info: Aktivitaets-Diagramm.png used on input line 488.
(pdftex.def)             Requested size: 222.23195pt x 415.104pt.
Package babel Info: Redefining ngerman shorthand "|
(babel)             in language append on input line 494.
Package babel Info: Redefining ngerman shorthand "~
(babel)             in language append on input line 494.
Package babel Info: Redefining ngerman shorthand "|
(babel)             in language append on input line 494.
Package babel Info: Redefining ngerman shorthand "~
(babel)             in language append on input line 494.
 [24 <./Aktivitaets-Diagramm.png>]
Package babel Info: Redefining ngerman shorthand "|
(babel)             in language append on input line 495.
Package babel Info: Redefining ngerman shorthand "~
(babel)             in language append on input line 495.

<Gruppenverwaltung.jpeg, id=311, 666.99188pt x 501.37312pt>
File: Gruppenverwaltung.jpeg Graphic file (type jpg)

<use Gruppenverwaltung.jpeg>
Package pdftex.def Info: Gruppenverwaltung.jpeg used on input line 499.
(pdftex.def)             Requested size: 400.19821pt x 300.82619pt.

Underfull \hbox (badness 10000) in paragraph at lines 499--503

 []

Package babel Info: Redefining ngerman shorthand "|
(babel)             in language append on input line 504.
Package babel Info: Redefining ngerman shorthand "~
(babel)             in language append on input line 504.
Package babel Info: Redefining ngerman shorthand "|
(babel)             in language append on input line 504.
Package babel Info: Redefining ngerman shorthand "~
(babel)             in language append on input line 504.
[25 <./Gruppenverwaltung.jpeg>]
Package babel Info: Redefining ngerman shorthand "|
(babel)             in language append on input line 506.
Package babel Info: Redefining ngerman shorthand "~
(babel)             in language append on input line 506.

<Aktivitaets-Diagramm-Ausgabenverlauf.png, id=319, 249.18094pt x 589.4522pt>
File: Aktivitaets-Diagramm-Ausgabenverlauf.png Graphic file (type png)

<use Aktivitaets-Diagramm-Ausgabenverlauf.png>
Package pdftex.def Info: Aktivitaets-Diagramm-Ausgabenverlauf.png used on input
 line 510.
(pdftex.def)             Requested size: 149.5097pt x 353.67404pt.

Underfull \hbox (badness 10000) in paragraph at lines 507--516

 []


Underfull \hbox (badness 10000) in paragraph at lines 507--516

 []


Underfull \hbox (badness 10000) in paragraph at lines 507--516

 []

<Zustandsdiagramm.png, id=320, 477.28313pt x 413.29407pt>
File: Zustandsdiagramm.png Graphic file (type png)

<use Zustandsdiagramm.png>
Package pdftex.def Info: Zustandsdiagramm.png used on input line 519.
(pdftex.def)             Requested size: 429.55084pt x 371.96121pt.
Package babel Info: Redefining ngerman shorthand "|
(babel)             in language append on input line 523.
Package babel Info: Redefining ngerman shorthand "~
(babel)             in language append on input line 523.
Package babel Info: Redefining ngerman shorthand "|
(babel)             in language append on input line 523.
Package babel Info: Redefining ngerman shorthand "~
(babel)             in language append on input line 523.
 [26 <./Aktivitaets-Diagramm-Ausgabenverlauf.png>]

LaTeX Warning: File `060 Auswertungen.jpeg' not found on input line 524.

<060 Auswertungen.jpeg, id=325, 740.7675pt x 633.11531pt>
File: 060 Auswertungen.jpeg Graphic file (type jpg)

<use 060 Auswertungen.jpeg>
Package pdftex.def Info: 060 Auswertungen.jpeg used on input line 524.
(pdftex.def)             Requested size: 370.38284pt x 316.55687pt.

Overfull \hbox (31.2585pt too wide) in paragraph at lines 524--529
[] 
 []


Underfull \hbox (badness 10000) in paragraph at lines 524--529

 []

Package babel Info: Redefining ngerman shorthand "|
(babel)             in language append on input line 529.
Package babel Info: Redefining ngerman shorthand "~
(babel)             in language append on input line 529.
Package babel Info: Redefining ngerman shorthand "|
(babel)             in language append on input line 529.
Package babel Info: Redefining ngerman shorthand "~
(babel)             in language append on input line 529.
[27 <./Zustandsdiagramm.png>]
Package babel Info: Redefining ngerman shorthand "|
(babel)             in language append on input line 534.
Package babel Info: Redefining ngerman shorthand "~
(babel)             in language append on input line 534.
Package babel Info: Redefining ngerman shorthand "|
(babel)             in language append on input line 534.
Package babel Info: Redefining ngerman shorthand "~
(babel)             in language append on input line 534.
 [28 <./060 Auswertungen.jpeg>]
Package babel Info: Redefining ngerman shorthand "|
(babel)             in language append on input line 536.
Package babel Info: Redefining ngerman shorthand "~
(babel)             in language append on input line 536.
Package babel Info: Redefining ngerman shorthand "|
(babel)             in language append on input line 538.
Package babel Info: Redefining ngerman shorthand "~
(babel)             in language append on input line 538.
Package babel Info: Redefining ngerman shorthand "|
(babel)             in language append on input line 540.
Package babel Info: Redefining ngerman shorthand "~
(babel)             in language append on input line 540.
Package babel Info: Redefining ngerman shorthand "|
(babel)             in language append on input line 540.
Package babel Info: Redefining ngerman shorthand "~
(babel)             in language append on input line 540.
 [29]
Package babel Info: Redefining ngerman shorthand "|
(babel)             in language append on input line 541.
Package babel Info: Redefining ngerman shorthand "~
(babel)             in language append on input line 541.
Package babel Info: Redefining ngerman shorthand "|
(babel)             in language append on input line 547.
Package babel Info: Redefining ngerman shorthand "~
(babel)             in language append on input line 547.
Package babel Info: Redefining ngerman shorthand "|
(babel)             in language append on input line 547.
Package babel Info: Redefining ngerman shorthand "~
(babel)             in language append on input line 547.
 [30]
Package babel Info: Redefining ngerman shorthand "|
(babel)             in language append on input line 548.
Package babel Info: Redefining ngerman shorthand "~
(babel)             in language append on input line 548.
Package babel Info: Redefining ngerman shorthand "|
(babel)             in language append on input line 549.
Package babel Info: Redefining ngerman shorthand "~
(babel)             in language append on input line 549.
Package babel Info: Redefining ngerman shorthand "|
(babel)             in language append on input line 550.
Package babel Info: Redefining ngerman shorthand "~
(babel)             in language append on input line 550.
Package babel Info: Redefining ngerman shorthand "|
(babel)             in language append on input line 552.
Package babel Info: Redefining ngerman shorthand "~
(babel)             in language append on input line 552.
Package babel Info: Redefining ngerman shorthand "|
(babel)             in language append on input line 552.
Package babel Info: Redefining ngerman shorthand "~
(babel)             in language append on input line 552.
 [31]
Package babel Info: Redefining ngerman shorthand "|
(babel)             in language append on input line 553.
Package babel Info: Redefining ngerman shorthand "~
(babel)             in language append on input line 553.
Package babel Info: Redefining ngerman shorthand "|
(babel)             in language append on input line 555.
Package babel Info: Redefining ngerman shorthand "~
(babel)             in language append on input line 555.
Package babel Info: Redefining ngerman shorthand "|
(babel)             in language append on input line 555.
Package babel Info: Redefining ngerman shorthand "~
(babel)             in language append on input line 555.

[32]
Package babel Info: Redefining ngerman shorthand "|
(babel)             in language append on input line 557.
Package babel Info: Redefining ngerman shorthand "~
(babel)             in language append on input line 557.

Overfull \hbox (29.94577pt too wide) in paragraph at lines 564--565
[]\OT1/cmr/m/n/12 BarCode Scan-ner : Plu-gin []$\OT1/cmtt/m/n/12 hhttp : / / ng
cordova . com / docs / plugins / barcodeScanner/$[] 
 []


Overfull \hbox (64.49068pt too wide) in paragraph at lines 567--568
[]\OT1/cmr/m/n/12 Angular JS-Kurs: []$\OT1/cmtt/m/n/12 https : / / www . codesc
hool . com / courses / shaping-[]up-[]with-[]angular-[]js/$[] 
 []


Overfull \hbox (70.06125pt too wide) in paragraph at lines 568--569
[]\OT1/cmr/m/n/12 Tutorial zum Rou-ting: []$\OT1/cmtt/m/n/12 https : / / scotch
 . io / tutorials / angular-[]routing-[]using-[]ui-[]router$[] 
 []


Overfull \hbox (27.48627pt too wide) in paragraph at lines 570--571
[]\OT1/cmr/m/n/12 Dokumentationshilfe: []$\OT1/cmtt/m/n/12 http : / / www . tel
lsbells . de / dokuwebsite / tbdokumentation .
 []


Overfull \hbox (40.33627pt too wide) in paragraph at lines 571--572
[]\OT1/cmr/m/n/12 Dokumentationshilfe: []$\OT1/cmtt/m/n/12 https : / / www . le
cturio . de / magazin / projekte-[]dokumentieren/$[] 
 []

Package babel Info: Redefining ngerman shorthand "|
(babel)             in language append on input line 576.
Package babel Info: Redefining ngerman shorthand "~
(babel)             in language append on input line 576.
Package babel Info: Redefining ngerman shorthand "|
(babel)             in language append on input line 576.
Package babel Info: Redefining ngerman shorthand "~
(babel)             in language append on input line 576.
[33]
Package babel Info: Redefining ngerman shorthand "|
(babel)             in language append on input line 586.
Package babel Info: Redefining ngerman shorthand "~
(babel)             in language append on input line 586.
Package babel Info: Redefining ngerman shorthand "|
(babel)             in language append on input line 586.
Package babel Info: Redefining ngerman shorthand "~
(babel)             in language append on input line 586.
 [34]
Package babel Info: Redefining ngerman shorthand "|
(babel)             in language append on input line 588.
Package babel Info: Redefining ngerman shorthand "~
(babel)             in language append on input line 588.
Package atveryend Info: Empty hook `BeforeClearDocument' on input line 611.
Package babel Info: Redefining ngerman shorthand "|
(babel)             in language append on input line 611.
Package babel Info: Redefining ngerman shorthand "~
(babel)             in language append on input line 611.
Package babel Info: Redefining ngerman shorthand "|
(babel)             in language append on input line 611.
Package babel Info: Redefining ngerman shorthand "~
(babel)             in language append on input line 611.
 [35]
Package atveryend Info: Empty hook `AfterLastShipout' on input line 611.
 (./Doku-SWE.aux)
Package atveryend Info: Executing hook `AtVeryEndDocument' on input line 611.
Package atveryend Info: Executing hook `AtEndAfterFileList' on input line 611.
Package rerunfilecheck Info: File `Doku-SWE.out' has not changed.
(rerunfilecheck)             Checksum: C9C45DE17AF8CC94CF6D8F216532D0FE;1825.
Package atveryend Info: Empty hook `AtVeryVeryEnd' on input line 611.
 ) 
Here is how much of TeX's memory you used:
 7329 strings out of 493304
 103305 string characters out of 6139871
 199511 words of memory out of 5000000
 10583 multiletter control sequences out of 15000+600000
 13217 words of font info for 52 fonts, out of 8000000 for 9000
 957 hyphenation exceptions out of 8191
 29i,8n,32p,1079b,397s stack positions out of 5000i,500n,10000p,200000b,80000s
</usr/share/texlive/texmf-dist/fonts/type1/public/amsfonts/cm/cmbx12.pfb></us
r/share/texlive/texmf-dist/fonts/type1/public/amsfonts/cm/cmr10.pfb></usr/share
/texlive/texmf-dist/fonts/type1/public/amsfonts/cm/cmr12.pfb></usr/share/texliv
e/texmf-dist/fonts/type1/public/amsfonts/cm/cmr17.pfb></usr/share/texlive/texmf
-dist/fonts/type1/public/amsfonts/cm/cmr7.pfb></usr/share/texlive/texmf-dist/fo
nts/type1/public/amsfonts/cm/cmr8.pfb></usr/share/texlive/texmf-dist/fonts/type
1/public/amsfonts/cm/cmsy10.pfb></usr/share/texlive/texmf-dist/fonts/type1/publ
ic/amsfonts/cm/cmtt12.pfb>
Output written on Doku-SWE.pdf (35 pages, 870221 bytes).
PDF statistics:
 437 PDF objects out of 1000 (max. 8388607)
 370 compressed objects within 4 object streams
 100 named destinations out of 1000 (max. 500000)
 298 words of extra memory for PDF output out of 10000 (max. 10000000)

